<?xml version="1.0" encoding="UTF-8"?>
<testng-results skipped="0" failed="0" ignored="0" total="2" passed="2">
  <reporter-output>
  </reporter-output>
  <suite name="test_suite" duration-ms="74429" started-at="2021-07-31T16:15:01 IST" finished-at="2021-07-31T16:16:16 IST">
    <groups>
    </groups>
    <test name="Test" duration-ms="74429" started-at="2021-07-31T16:15:01 IST" finished-at="2021-07-31T16:16:16 IST">
      <class name="TestCases.Login">
        <test-method status="PASS" signature="beforeTest()[pri:0, instance:TestCases.Login@1e397ed7]" name="beforeTest" is-config="true" duration-ms="22183" started-at="2021-07-31T16:15:02 IST" finished-at="2021-07-31T16:15:24 IST">
          <reporter-output>
          </reporter-output>
        </test-method> <!-- beforeTest -->
        <test-method status="PASS" signature="Login_TC(java.lang.String,java.lang.String)[pri:0, instance:TestCases.Login@1e397ed7]" name="Login_TC" duration-ms="17172" started-at="2021-07-31T16:15:24 IST" data-provider="dataprovider" finished-at="2021-07-31T16:15:41 IST">
          <params>
            <param index="0">
              <value>
                <![CDATA[manoj.jannu@softwareag.com]]>
              </value>
            </param>
            <param index="1">
              <value>
                <![CDATA[Passw0rd@1234]]>
              </value>
            </param>
          </params>
          <reporter-output>
          </reporter-output>
        </test-method> <!-- Login_TC -->
        <test-method status="PASS" signature="tearDown()[pri:0, instance:TestCases.Login@1e397ed7]" name="tearDown" is-config="true" duration-ms="942" started-at="2021-07-31T16:15:41 IST" finished-at="2021-07-31T16:15:42 IST">
          <reporter-output>
          </reporter-output>
        </test-method> <!-- tearDown -->
        <test-method status="PASS" signature="beforeTest()[pri:0, instance:TestCases.Login@1e397ed7]" name="beforeTest" is-config="true" duration-ms="18503" started-at="2021-07-31T16:15:42 IST" finished-at="2021-07-31T16:16:01 IST">
          <reporter-output>
          </reporter-output>
        </test-method> <!-- beforeTest -->
        <test-method status="PASS" signature="Login_TC(java.lang.String,java.lang.String)[pri:0, instance:TestCases.Login@1e397ed7]" name="Login_TC" duration-ms="12646" started-at="2021-07-31T16:16:01 IST" data-provider="dataprovider" finished-at="2021-07-31T16:16:13 IST">
          <params>
            <param index="0">
              <value>
                <![CDATA[manoj.jannu@softwareag.com]]>
              </value>
            </param>
            <param index="1">
              <value>
                <![CDATA[Passw05rd@1234]]>
              </value>
            </param>
          </params>
          <reporter-output>
          </reporter-output>
        </test-method> <!-- Login_TC -->
        <test-method status="PASS" signature="tearDown()[pri:0, instance:TestCases.Login@1e397ed7]" name="tearDown" is-config="true" duration-ms="1769" started-at="2021-07-31T16:16:13 IST" finished-at="2021-07-31T16:16:15 IST">
          <reporter-output>
          </reporter-output>
        </test-method> <!-- tearDown -->
      </class> <!-- TestCases.Login -->
    </test> <!-- Test -->
  </suite> <!-- test_suite -->
</testng-results>
